[00:13:10] [main/INFO]: Loading Minecraft 1.20.1 with Fabric Loader 0.16.12
[00:13:10] [main/WARN]: Warnings were found!
 - Mod 'Debugify' (debugify) 1.20.1+2.0 recommends any 3.x version of yet-another-config-lib, which is missing!
	 - You should install any 3.x version of yet-another-config-lib for the optimal experience.
[00:13:10] [main/INFO]: Loading 108 mods:
	- advancednetherite 2.1.3-1.20.1
	- architectury 9.1.13
	- cloth-config 11.1.106
	   \-- cloth-basic-math 0.6.1
	- controlify 1.6.0+1.20
	   |-- dev_isxander_sdl2-jni 2.28.2-26
	   |-- org_hid4java_hid4java 0.7.0
	   \-- org_quiltmc_quilt-json5 1.0.3
	- debugify 1.20.1+2.0
	- e4mc_minecraft 4.0.1
	- easyanvils 8.0.2
	- easymagic 8.0.1
	- easyshulkerboxes 8.0.2
	   \-- puzzlesapi 8.1.6
	        |-- cardinal-components-base 5.2.2
	        |-- cardinal-components-entity 5.2.2
	        \-- puzzlesaccessapi 8.0.9
	- fabric-api 0.92.5+1.20.1
	   |-- fabric-api-base 0.4.32+1802ada577
	   |-- fabric-api-lookup-api-v1 1.6.37+1802ada577
	   |-- fabric-biome-api-v1 13.0.14+1802ada577
	   |-- fabric-block-api-v1 1.0.12+1802ada577
	   |-- fabric-block-view-api-v2 1.0.3+924f046a77
	   |-- fabric-blockrenderlayer-v1 1.1.42+1802ada577
	   |-- fabric-client-tags-api-v1 1.1.3+1802ada577
	   |-- fabric-command-api-v1 1.2.35+f71b366f77
	   |-- fabric-command-api-v2 2.2.14+1802ada577
	   |-- fabric-commands-v0 0.2.52+df3654b377
	   |-- fabric-containers-v0 0.1.66+df3654b377
	   |-- fabric-content-registries-v0 4.0.13+1802ada577
	   |-- fabric-convention-tags-v1 1.5.6+1802ada577
	   |-- fabric-crash-report-info-v1 0.2.20+1802ada577
	   |-- fabric-data-attachment-api-v1 1.0.2+de0fd6d177
	   |-- fabric-data-generation-api-v1 12.3.6+1802ada577
	   |-- fabric-dimensions-v1 2.1.55+1802ada577
	   |-- fabric-entity-events-v1 1.6.1+1c78457f77
	   |-- fabric-events-interaction-v0 0.6.4+13a40c6677
	   |-- fabric-events-lifecycle-v0 0.2.64+df3654b377
	   |-- fabric-game-rule-api-v1 1.0.41+1802ada577
	   |-- fabric-item-api-v1 2.1.29+1802ada577
	   |-- fabric-item-group-api-v1 4.0.14+1802ada577
	   |-- fabric-key-binding-api-v1 1.0.38+1802ada577
	   |-- fabric-keybindings-v0 0.2.36+df3654b377
	   |-- fabric-lifecycle-events-v1 2.2.23+1802ada577
	   |-- fabric-loot-api-v2 1.2.3+1802ada577
	   |-- fabric-loot-tables-v1 1.1.47+9e7660c677
	   |-- fabric-message-api-v1 5.1.10+1802ada577
	   |-- fabric-mining-level-api-v1 2.1.52+1802ada577
	   |-- fabric-model-loading-api-v1 1.0.4+1802ada577
	   |-- fabric-models-v0 0.4.3+9386d8a777
	   |-- fabric-networking-api-v1 1.3.13+13a40c6677
	   |-- fabric-networking-v0 0.3.53+df3654b377
	   |-- fabric-object-builder-api-v1 11.1.5+e35120df77
	   |-- fabric-particles-v1 1.1.3+1802ada577
	   |-- fabric-recipe-api-v1 1.0.23+1802ada577
	   |-- fabric-registry-sync-v0 2.3.5+1802ada577
	   |-- fabric-renderer-api-v1 3.2.2+1802ada577
	   |-- fabric-renderer-indigo 1.5.3+85287f9f77
	   |-- fabric-renderer-registries-v1 3.2.47+df3654b377
	   |-- fabric-rendering-data-attachment-v1 0.3.39+92a0d36777
	   |-- fabric-rendering-fluids-v1 3.0.29+1802ada577
	   |-- fabric-rendering-v0 1.1.50+df3654b377
	   |-- fabric-rendering-v1 3.0.9+1802ada577
	   |-- fabric-resource-conditions-api-v1 2.3.9+1802ada577
	   |-- fabric-resource-loader-v0 0.11.12+fb82e9d777
	   |-- fabric-screen-api-v1 2.0.9+1802ada577
	   |-- fabric-screen-handler-api-v1 1.3.32+1802ada577
	   |-- fabric-sound-api-v1 1.0.14+1802ada577
	   |-- fabric-transfer-api-v1 3.3.6+8dd72ea377
	   \-- fabric-transitive-access-wideners-v1 4.3.2+1802ada577
	- fabric-language-kotlin 1.10.10+kotlin.1.9.10
	   |-- org_jetbrains_kotlin_kotlin-reflect 1.9.10
	   |-- org_jetbrains_kotlin_kotlin-stdlib 1.9.10
	   |-- org_jetbrains_kotlin_kotlin-stdlib-jdk7 1.9.10
	   |-- org_jetbrains_kotlin_kotlin-stdlib-jdk8 1.9.10
	   |-- org_jetbrains_kotlinx_atomicfu-jvm 0.22.0
	   |-- org_jetbrains_kotlinx_kotlinx-coroutines-core-jvm 1.7.3
	   |-- org_jetbrains_kotlinx_kotlinx-coroutines-jdk8 1.7.3
	   |-- org_jetbrains_kotlinx_kotlinx-datetime-jvm 0.4.0
	   |-- org_jetbrains_kotlinx_kotlinx-serialization-cbor-jvm 1.6.0
	   |-- org_jetbrains_kotlinx_kotlinx-serialization-core-jvm 1.6.0
	   \-- org_jetbrains_kotlinx_kotlinx-serialization-json-jvm 1.6.0
	- fabricloader 0.16.12
	   \-- mixinextras 0.4.1
	- ferritecore 6.0.0
	- forgeconfigapiport 8.0.0
	- java 17
	- justhammers 20.1.5+mc1.20.1
	- lithium 0.11.2
	- memoryleakfix 1.1.2
	- minecraft 1.20.1
	- mixintrace 1.1.1+1.17
	- modernfix 5.8.1+mc1.20.1
	- nochatreports 1.20.1-v2.2.2
	   |-- fabric-rendering-v1 3.0.6+b3afc78b82
	   \-- fabric-screen-api-v1 2.0.6+b3afc78b82
	- puzzleslib 8.1.21
	- universal-graves 3.0.1+1.20.1
	   |-- common-protection-api 1.0.0
	   |-- fabric-permissions-api-v0 0.2-SNAPSHOT
	   |-- placeholder-api 2.1.3+1.20.1
	   |-- polymer-core 0.5.19+1.20.1
	   |    |-- polymer-networking 0.5.19+1.20.1
	   |    |    \-- polymer-common 0.5.19+1.20.1
	   |    |         \-- packet_tweaker 0.4.0+1.19.4
	   |    \-- polymer-registry-sync-manipulator 0.5.19+1.20.1
	   |-- polymer-resource-pack 0.5.19+1.20.1
	   |    \-- polymer-common 0.5.19+1.20.1
	   |         \-- packet_tweaker 0.4.0+1.19.4
	   |-- polymer-virtual-entity 0.5.19+1.20.1
	   |    \-- polymer-common 0.5.19+1.20.1
	   |         \-- packet_tweaker 0.4.0+1.19.4
	   |-- predicate-api 0.2.1+1.20.1
	   |-- server_translations_api 2.0.0+1.20
	   |    \-- packet_tweaker 0.4.0+1.19.4
	   \-- sgui 1.2.2+1.20
	- xaerominimap 25.2.0
	- xaeroworldmap 1.39.4
	- yet_another_config_lib_v3 3.2.1+1.20
	   |-- com_twelvemonkeys_common_common-image 3.10.0-SNAPSHOT
	   |-- com_twelvemonkeys_common_common-io 3.10.0-SNAPSHOT
	   |-- com_twelvemonkeys_common_common-lang 3.10.0-SNAPSHOT
	   |-- com_twelvemonkeys_imageio_imageio-core 3.10.0-SNAPSHOT
	   |-- com_twelvemonkeys_imageio_imageio-metadata 3.10.0-SNAPSHOT
	   |-- com_twelvemonkeys_imageio_imageio-webp 3.10.0-SNAPSHOT
	   |-- org_quiltmc_parsers_gson 0.2.1
	   \-- org_quiltmc_parsers_json 0.2.1
	- yosbr 0.1.2
[00:13:10] [main/INFO]: Applying default options... (YOSBR)
[00:13:10] [main/INFO]: Applying default options for /options.txt from /config/yosbr/options.txt
[00:13:11] [main/INFO]: SpongePowered MIXIN Subsystem Version=0.8.7 Source=file:/workspaces/Serverr/servidor_minecraft/libraries/net/fabricmc/sponge-mixin/0.15.4+mixin.0.8.7/sponge-mixin-0.15.4+mixin.0.8.7.jar Service=Knot/Fabric Env=SERVER
[00:13:11] [main/INFO]: Compatibility level set to JAVA_17
[00:13:11] [main/WARN]: Reference map 'justhammers-common-refmap.json' for justhammers-common.mixins.json could not be read. If this is a development environment you can ignore this message
[00:13:11] [main/INFO]: Loaded configuration file for Lithium: 115 options available, 1 override(s) found
[00:13:11] [main/INFO]: Loaded configuration file for ModernFix 5.8.1+mc1.20.1: 52 options available, 0 override(s) found
[00:13:11] [main/INFO]: Applying Nashorn fix
[00:13:11] [main/WARN]: Force-disabling mixin 'alloc.blockstate.StateMixin' as rule 'mixin.alloc.blockstate' (added by mods [ferritecore]) disables it and children
[00:13:12] [main/WARN]: Error loading class: net/minecraft/class_340 (java.lang.ClassNotFoundException: net/minecraft/class_340)
[00:13:12] [main/WARN]: @Mixin target net.minecraft.class_340 was not found modernfix-fabric.mixins.json:feature.branding.GuiMixin from mod modernfix
[00:13:12] [main/WARN]: Error loading class: net/minecraft/class_1043 (java.lang.ClassNotFoundException: net/minecraft/class_1043)
[00:13:12] [main/WARN]: @Mixin target net.minecraft.class_1043 was not found modernfix-fabric.mixins.json:safety.DynamicTextureMixin from mod modernfix
[00:13:12] [main/WARN]: Error loading class: net/minecraft/class_310 (java.lang.ClassNotFoundException: net/minecraft/class_310)
[00:13:12] [main/WARN]: @Mixin target net.minecraft.class_310 was not found modernfix-fabric.mixins.json:core.MCMixin_Fabric from mod modernfix
[00:13:12] [main/WARN]: Error loading class: net/minecraft/class_634 (java.lang.ClassNotFoundException: net/minecraft/class_634)
[00:13:12] [main/WARN]: @Mixin target net.minecraft.class_634 was not found modernfix-fabric.mixins.json:core.ClientPlayNetHandlerMixin from mod modernfix
[00:13:12] [main/WARN]: Error loading class: net/minecraft/class_310 (java.lang.ClassNotFoundException: net/minecraft/class_310)
[00:13:12] [main/WARN]: @Mixin target net.minecraft.class_310 was not found modernfix-common.mixins.json:bugfix.world_leaks.MinecraftMixin from mod modernfix
[00:13:12] [main/WARN]: Error loading class: net/minecraft/class_287 (java.lang.ClassNotFoundException: net/minecraft/class_287)
[00:13:12] [main/WARN]: @Mixin target net.minecraft.class_287 was not found modernfix-common.mixins.json:bugfix.buffer_builder_leak.BufferBuilderMixin from mod modernfix
[00:13:12] [main/WARN]: Error loading class: net/minecraft/class_528$class_4272 (java.lang.ClassNotFoundException: net/minecraft/class_528$class_4272)
[00:13:12] [main/WARN]: @Mixin target net.minecraft.class_528$class_4272 was not found modernfix-common.mixins.json:bugfix.world_screen_skipped.WorldSelectionListMixin from mod modernfix
[00:13:12] [main/WARN]: Error loading class: com/simibubi/create/content/kinetics/base/BlockBreakingKineticBlockEntity (java.lang.ClassNotFoundException: com/simibubi/create/content/kinetics/base/BlockBreakingKineticBlockEntity)
[00:13:12] [main/INFO]: [MemoryLeakFix] Will be applying 1 memory leak fixes!
[00:13:12] [main/INFO]: [MemoryLeakFix] Currently enabled memory leak fixes: [biomeTemperatureLeak]
[00:13:12] [main/INFO]: Initializing MixinExtras via com.llamalad7.mixinextras.service.MixinExtrasServiceImpl(version=0.4.1).
[00:13:12] [main/INFO]: Mixing common.MixinFriendlyByteBuf from mixins/common/nochatreports.mixins.json into net.minecraft.class_2540
[00:13:12] [main/INFO]: Renaming synthetic method lambda$onWriteJsonWithCodec$1(Ljava/lang/Object;Ljava/lang/String;)Lio/netty/handler/codec/EncoderException; to md1c23ba$nochatreports$lambda$onWriteJsonWithCodec$1$0 in mixins/common/nochatreports.mixins.json:common.MixinFriendlyByteBuf from mod nochatreports
[00:13:12] [main/INFO]: Renaming synthetic method lambda$onReadJsonWithCodec$0(Ljava/lang/String;)Lio/netty/handler/codec/DecoderException; to md1c23ba$nochatreports$lambda$onReadJsonWithCodec$0$1 in mixins/common/nochatreports.mixins.json:common.MixinFriendlyByteBuf from mod nochatreports
[00:13:14] [main/INFO]: Injecting BlockStateBase cache population hook into getNeighborPathNodeType from me.jellysquid.mods.lithium.mixin.ai.pathing.AbstractBlockStateMixin
[00:13:14] [main/INFO]: Injecting BlockStateBase cache population hook into getPathNodeType from me.jellysquid.mods.lithium.mixin.ai.pathing.AbstractBlockStateMixin
[00:13:14] [main/INFO]: Injecting BlockStateBase cache population hook into getAllFlags from me.jellysquid.mods.lithium.mixin.util.block_tracking.AbstractBlockStateMixin
[00:13:15] [main/INFO]: Mixing server.MixinServerGamePacketListenerImpl from mixins/common/nochatreports.mixins.json into net.minecraft.class_3244
[00:13:16] [main/WARN]: Method overwrite conflict for method_21740 in modernfix-common.mixins.json:perf.remove_biome_temperature_cache.BiomeMixin from mod modernfix, previously written by me.jellysquid.mods.lithium.mixin.world.temperature_cache.BiomeMixin. Skipping method.
[00:13:16] [main/INFO]: Vanilla bootstrap took 3946 milliseconds
[00:13:16] [main/INFO]: Initializing platform helper for Advanced Netherite!
[00:13:16] [main/INFO]: Saving config because the loaded bug fixes are different to stored json.
[00:13:16] [main/INFO]: Saving Debugify
[00:13:16] [main/INFO]: Enabled 34 bug fixes: [MC-2025, MC-7569, MC-8187, MC-14923, MC-30391, MC-31819, MC-69216, MC-72151, MC-88371, MC-89146, MC-90084, MC-93018, MC-100991, MC-119417, MC-119754, MC-121706, MC-121903, MC-124117, MC-129909, MC-132878, MC-135971, MC-155509, MC-160095, MC-179072, MC-183990, MC-193343, MC-199467, MC-200418, MC-206922, MC-215530, MC-223153, MC-224729, MC-231743, MC-232869]
[00:13:16] [main/INFO]: Successfully Debugify'd your game!
[00:13:17] [main/INFO]: Constructing common components for easyanvils:main
[00:13:17] [main/INFO]: Constructing common components for easymagic:main
[00:13:17] [main/INFO]: Constructing common components for easyshulkerboxes:main
[00:13:17] [main/INFO]: KONNICHIWA ZA WARUDO!
[00:13:17] [main/INFO]: Default JVM text encoding is: UTF-8
[00:13:17] [main/INFO]: Reading config file NoChatReports/NCR-Common.json...
[00:13:17] [main/INFO]: Writing config file NoChatReports/NCR-Common.json...
[00:13:17] [main/INFO]: Constructing common components for puzzlesapi:iteminteractions
[00:13:17] [main/INFO]: Constructing common components for puzzlesapi:slotcycling
[00:13:17] [main/INFO]: Constructing common components for puzzlesapi:limitlesscontainers
[00:13:17] [main/INFO]: Constructing common components for puzzlesapi:statues
[00:13:17] [main/INFO]: Constructing common components for puzzleslib:main
[00:13:17] [main/INFO]: Saving ControlifyServerConfig...
[00:13:17] [main/INFO]: Saving ControlifyServerConfig...
[00:13:17] [main/INFO]: Reach-around policy: true
[00:13:17] [main/INFO]: No-fly drift policy: true
[00:13:17] [main/INFO]: Loading Xaero's Minimap - Stage 1/2 (Server)
[00:13:17] [main/INFO]: Loading Xaero's World Map - Stage 1/2 (Server)
[00:13:17] [main/INFO]: Environment: authHost='https://authserver.mojang.com', accountsHost='https://api.mojang.com', sessionHost='https://sessionserver.mojang.com', servicesHost='https://api.minecraftservices.com', name='PROD'
[00:13:18] [main/INFO]: Bypassed Mojang DFU
[00:13:19] [main/INFO]: Loaded 7 recipes
[00:13:20] [main/INFO]: Loaded 1361 advancements
[00:13:20] [ForkJoinPool.commonPool-worker-1/INFO]: Loaded 58 translation keys
[00:13:20] [main/INFO]: Mixing server.MixinDedicatedServer from mixins/common/nochatreports.mixins.json into net.minecraft.class_3176
[00:13:20] [main/INFO]: Mixing server.MixinPlayerList from mixins/common/nochatreports.mixins.json into net.minecraft.class_3324
[00:13:20] [main/INFO]: Applied 0 biome modifications to 0 of 64 new biomes in 3.891 ms
[00:13:20] [Server thread/WARN]: Configuration file ./config/easyanvils-server.toml is not correct. Correcting
[00:13:20] [Server thread/WARN]: Incorrect key miscellaneous was corrected from null to its default, SimpleCommentedConfig:{}. 
[00:13:20] [Server thread/WARN]: Incorrect key miscellaneous.anvil_break_chance was corrected from null to its default, 0.05. 
[00:13:20] [Server thread/WARN]: Incorrect key miscellaneous.risk_free_anvil_renaming was corrected from null to its default, true. 
[00:13:20] [Server thread/WARN]: Incorrect key miscellaneous.edit_name_tags_no_anvil was corrected from null to its default, true. 
[00:13:20] [Server thread/WARN]: Incorrect key miscellaneous.renaming_supports_formatting was corrected from null to its default, true. 
[00:13:20] [Server thread/WARN]: Incorrect key miscellaneous.anvil_repairing was corrected from null to its default, true. 
[00:13:20] [Server thread/WARN]: Incorrect key costs was corrected from null to its default, SimpleCommentedConfig:{}. 
[00:13:20] [Server thread/WARN]: Incorrect key costs.rare_enchantment_multiplier was corrected from null to its default, 4. 
[00:13:20] [Server thread/WARN]: Incorrect key costs.repair_with_other_item_cost was corrected from null to its default, 2. 
[00:13:20] [Server thread/WARN]: Incorrect key costs.common_enchantment_multiplier was corrected from null to its default, 1. 
[00:13:20] [Server thread/WARN]: Incorrect key costs.very_rare_enchantment_multiplier was corrected from null to its default, 8. 
[00:13:20] [Server thread/WARN]: Incorrect key costs.uncommon_enchantment_multiplier was corrected from null to its default, 2. 
[00:13:20] [Server thread/WARN]: Incorrect key costs.halved_book_costs was corrected from null to its default, true. 
[00:13:20] [Server thread/WARN]: Incorrect key costs.repair_with_material_unit_cost was corrected from null to its default, 1. 
[00:13:20] [Server thread/WARN]: Incorrect key costs.too_expensive_limit was corrected from null to its default, -1. 
[00:13:20] [Server thread/WARN]: Incorrect key costs.free_renames was corrected from null to its default, ALL_ITEMS. 
[00:13:20] [Server thread/WARN]: Incorrect key prior_work_penalty was corrected from null to its default, SimpleCommentedConfig:{}. 
[00:13:20] [Server thread/WARN]: Incorrect key prior_work_penalty.rename_and_repair_costs was corrected from null to its default, FIXED. 
[00:13:20] [Server thread/WARN]: Incorrect key prior_work_penalty.prior_work_penalty was corrected from null to its default, FIXED. 
[00:13:20] [Server thread/WARN]: Incorrect key prior_work_penalty.penalty_free_renames_and_repairs was corrected from null to its default, true. 
[00:13:20] [Server thread/WARN]: Incorrect key prior_work_penalty.prior_work_penalty_constant was corrected from null to its default, 4. 
[00:13:20] [Server thread/INFO]: Loading server config for easyanvils
[00:13:20] [Thread-2/INFO]: Reloading server config for easyanvils
[00:13:20] [Server thread/WARN]: Configuration file ./config/easymagic-server.toml is not correct. Correcting
[00:13:20] [Server thread/WARN]: Incorrect key max_enchanting_power was corrected from null to its default, 15. 
[00:13:20] [Server thread/WARN]: Incorrect key reroll_enchantments was corrected from null to its default, true. 
[00:13:20] [Server thread/WARN]: Incorrect key lenient_bookshelves was corrected from null to its default, true. 
[00:13:20] [Server thread/WARN]: Incorrect key reroll_catalyst_cost was corrected from null to its default, 1. 
[00:13:20] [Server thread/WARN]: Incorrect key enchantment_hint was corrected from null to its default, SINGLE. 
[00:13:20] [Server thread/WARN]: Incorrect key chiseled_bookshelf_enchanting_power was corrected from null to its default, FACING. 
[00:13:20] [Server thread/WARN]: Incorrect key dedicated_reroll_catalyst was corrected from null to its default, false. 
[00:13:20] [Server thread/WARN]: Incorrect key reroll_experience_points_cost was corrected from null to its default, 5. 
[00:13:20] [Server thread/INFO]: Loading server config for easymagic
[00:13:20] [Thread-2/INFO]: Reloading server config for easymagic
[00:13:20] [Server thread/WARN]: Configuration file ./config/puzzlesapi-iteminteractions-server.toml is not correct. Correcting
[00:13:20] [Server thread/WARN]: Incorrect key allow_slot_cycling was corrected from null to its default, true. 
[00:13:20] [Thread-2/INFO]: Reloading server config for easymagic
[00:13:20] [Server thread/WARN]: Incorrect key allow_mouse_dragging was corrected from null to its default, true. 
[00:13:20] [Server thread/WARN]: Incorrect key allow_precision_mode was corrected from null to its default, true. 
[00:13:20] [Thread-2/INFO]: Reloading server config for puzzlesapi
[00:13:20] [Server thread/INFO]: Loading server config for puzzlesapi
[00:13:20] [Server thread/INFO]: Starting minecraft server version 1.20.1
[00:13:20] [Server thread/INFO]: Loading properties
[00:13:20] [Server thread/INFO]: Default game type: SURVIVAL
[00:13:20] [Server thread/INFO]: Generating keypair
[00:13:20] [Server thread/INFO]: Starting Minecraft server on *:25565
[00:13:20] [Thread-3/INFO]: req: https://broker.e4mc.link/getBestRelay GET
[00:13:20] [Server thread/INFO]: Using epoll channel type
[00:13:20] [Server thread/INFO]: Using epoll channel type
[00:13:20] [Server thread/WARN]: **** SERVER IS RUNNING IN OFFLINE/INSECURE MODE!
[00:13:20] [Server thread/WARN]: The server will make no attempt to authenticate usernames. Beware.
[00:13:20] [Server thread/WARN]: While this makes the game possible to play without internet access, it also opens up the ability for hackers to connect with any username they choose.
[00:13:20] [Server thread/WARN]: To change this, set "online-mode" to "true" in the server.properties file.
[00:13:20] [Server thread/INFO]: Preparing level "world"
[00:13:20] [Thread-3/INFO]: resp: (GET https://broker.e4mc.link/getBestRelay) 503
[00:13:20] [Thread-3/ERROR]: Uncaught exception in thread "Thread-3"
java.lang.Exception: null
	at vg.skye.e4mc_minecraft.QuiclimeHandler.start(QuiclimeHandler.kt:191) ~[e4mc-4.0.1+1.19.4-fabric.jar:?]
	at vg.skye.e4mc_minecraft.QuiclimeHandler$startAsync$1.invoke(QuiclimeHandler.kt:176) ~[e4mc-4.0.1+1.19.4-fabric.jar:?]
	at vg.skye.e4mc_minecraft.QuiclimeHandler$startAsync$1.invoke(QuiclimeHandler.kt:175) ~[e4mc-4.0.1+1.19.4-fabric.jar:?]
	at kotlin.concurrent.ThreadsKt$thread$thread$1.run(Thread.kt:30) ~[org_jetbrains_kotlin_kotlin-stdlib-1.9.10-322b6d1b226d3ad5.jar:?]
[00:13:21] [Server thread/WARN]: Method overwrite conflict for removeIf in modernfix-common.mixins.json:bugfix.paper_chunk_patches.SortedArraySetMixin from mod modernfix, previously written by me.jellysquid.mods.lithium.mixin.world.chunk_tickets.SortedArraySetMixin. Skipping method.
[00:13:26] [Server thread/INFO]: Preparing start region for dimension minecraft:overworld
[00:13:27] [Worker-Main-1/INFO]: Preparing spawn area: 0%
[00:13:27] [Worker-Main-1/INFO]: Preparing spawn area: 0%
[00:13:27] [Worker-Main-3/INFO]: Preparing spawn area: 0%
[00:13:28] [Worker-Main-1/INFO]: Preparing spawn area: 0%
[00:13:28] [Worker-Main-3/INFO]: Preparing spawn area: 1%
[00:13:29] [Worker-Main-1/INFO]: Preparing spawn area: 3%
[00:13:30] [Worker-Main-3/INFO]: Preparing spawn area: 3%
[00:13:30] [Worker-Main-2/INFO]: Preparing spawn area: 3%
[00:13:30] [Worker-Main-2/INFO]: Preparing spawn area: 5%
[00:13:31] [Worker-Main-1/INFO]: Preparing spawn area: 6%
[00:13:31] [Worker-Main-1/INFO]: Preparing spawn area: 7%
[00:13:32] [Worker-Main-2/INFO]: Preparing spawn area: 9%
[00:13:32] [Worker-Main-3/INFO]: Preparing spawn area: 10%
[00:13:33] [Worker-Main-2/INFO]: Preparing spawn area: 12%
[00:13:33] [Worker-Main-3/INFO]: Preparing spawn area: 14%
[00:13:34] [Worker-Main-2/INFO]: Preparing spawn area: 15%
[00:13:34] [Worker-Main-2/INFO]: Preparing spawn area: 17%
[00:13:35] [Worker-Main-3/INFO]: Preparing spawn area: 19%
[00:13:35] [Worker-Main-1/INFO]: Preparing spawn area: 21%
[00:13:36] [Worker-Main-1/INFO]: Preparing spawn area: 24%
[00:13:36] [Worker-Main-2/INFO]: Preparing spawn area: 26%
[00:13:37] [Worker-Main-1/INFO]: Preparing spawn area: 28%
[00:13:37] [Worker-Main-1/INFO]: Preparing spawn area: 31%
[00:13:38] [Worker-Main-1/INFO]: Preparing spawn area: 33%
[00:13:38] [Worker-Main-2/INFO]: Preparing spawn area: 36%
[00:13:39] [Worker-Main-2/INFO]: Preparing spawn area: 38%
[00:13:39] [Worker-Main-3/INFO]: Preparing spawn area: 41%
[00:13:40] [Worker-Main-2/INFO]: Preparing spawn area: 44%
[00:13:40] [Worker-Main-1/INFO]: Preparing spawn area: 46%
[00:13:41] [Worker-Main-1/INFO]: Preparing spawn area: 49%
[00:13:41] [Worker-Main-2/INFO]: Preparing spawn area: 52%
[00:13:42] [Worker-Main-3/INFO]: Preparing spawn area: 54%
[00:13:43] [Worker-Main-1/INFO]: Preparing spawn area: 56%
[00:13:43] [Worker-Main-1/INFO]: Preparing spawn area: 56%
[00:13:43] [Worker-Main-3/INFO]: Preparing spawn area: 57%
[00:13:44] [Worker-Main-2/INFO]: Preparing spawn area: 59%
[00:13:44] [Worker-Main-1/INFO]: Preparing spawn area: 62%
[00:13:45] [Worker-Main-1/INFO]: Preparing spawn area: 65%
[00:13:45] [Worker-Main-3/INFO]: Preparing spawn area: 68%
[00:13:46] [Worker-Main-1/INFO]: Preparing spawn area: 71%
[00:13:46] [Worker-Main-2/INFO]: Preparing spawn area: 74%
[00:13:47] [Worker-Main-1/INFO]: Preparing spawn area: 77%
[00:13:47] [Worker-Main-1/INFO]: Preparing spawn area: 81%
[00:13:48] [Worker-Main-2/INFO]: Preparing spawn area: 84%
[00:13:48] [Worker-Main-2/INFO]: Preparing spawn area: 86%
[00:13:49] [Worker-Main-2/INFO]: Preparing spawn area: 90%
[00:13:49] [Worker-Main-1/INFO]: Preparing spawn area: 93%
[00:13:50] [Worker-Main-1/INFO]: Preparing spawn area: 96%
[00:13:50] [Server thread/INFO]: Time elapsed: 23841 ms
[00:13:50] [Server thread/INFO]: Done (29.918s)! For help, type "help"
[00:13:50] [Server thread/WARN]: Dedicated server took 41.156 seconds to load
[00:13:50] [Server thread/INFO]: Mixing common.MixinServerStatus from mixins/common/nochatreports.mixins.json into net.minecraft.class_2926
[00:13:50] [Server thread/INFO]: Loading Xaero's Minimap - Stage 2/2 (Server)
[00:13:50] [Server thread/INFO]: Loading Xaero's World Map - Stage 2/2 (Server)
[00:14:06] [Netty Epoll Server IO #2/INFO]: Mixing server.MixinServerboundChatCommandPacket from mixins/common/nochatreports.mixins.json into net.minecraft.class_7472
[00:14:06] [Netty Epoll Server IO #2/INFO]: Mixing server.MixinServerboundChatPacket from mixins/common/nochatreports.mixins.json into net.minecraft.class_2797
[00:14:06] [Netty Epoll Server IO #2/INFO]: Mixing server.MixinServerboundChatSessionUpdatePacket from mixins/common/nochatreports.mixins.json into net.minecraft.class_7861
[00:14:13] [Server thread/INFO]: Stopping the server
[00:14:13] [Server thread/INFO]: Stopping server
[00:14:13] [Server thread/INFO]: Saving players
[00:14:13] [Server thread/INFO]: Saving worlds
[00:14:13] [Server thread/INFO]: Saving chunks for level 'ServerLevel[world]'/minecraft:overworld
[00:14:16] [Server thread/INFO]: Saving chunks for level 'ServerLevel[world]'/minecraft:the_end
[00:14:16] [Server thread/INFO]: Saving chunks for level 'ServerLevel[world]'/minecraft:the_nether
[00:14:16] [Server thread/INFO]: ThreadedAnvilChunkStorage (world): All chunks are saved
[00:14:16] [Server thread/INFO]: ThreadedAnvilChunkStorage (DIM1): All chunks are saved
[00:14:16] [Server thread/INFO]: ThreadedAnvilChunkStorage (DIM-1): All chunks are saved
[00:14:16] [Server thread/INFO]: ThreadedAnvilChunkStorage: All dimensions are saved
